<?xml version="1.0" encoding="UTF-8"?>
<!-- Generated by org.testng.reporters.JUnitXMLReporter -->
<testsuite hostname="LAPTOP-9B7OC5OL" name="Practice test" tests="3" failures="0" timestamp="13 Jul 2016 17:49:10 GMT" time="0.046" errors="0">
  <testcase name="deleteUsers" time="0.005" classname="testNGFiles.PracticeTestNG"/>
  <testcase name="getLoginDetails" time="0.002" classname="testNGFiles.PracticeTestNG"/>
  <testcase name="getNoOfCookies" time="0.001" classname="testNGFiles.PracticeTestNG"/>
</testsuite> <!-- Practice test -->
