<?xml version="1.0" encoding="UTF-8"?>
<!-- Generated by org.testng.reporters.JUnitXMLReporter -->
<testsuite hostname="LAPTOP-9B7OC5OL" name="Smoke testcases" tests="3" failures="0" timestamp="13 Jul 2016 18:00:50 GMT" time="0.072" errors="0">
  <testcase name="deleteUsers" time="0.009" classname="testNGFiles.PracticeTestNG"/>
  <testcase name="getLoginDetails" time="0.003" classname="testNGFiles.PracticeTestNG"/>
  <testcase name="getNoOfCookies" time="0.003" classname="testNGFiles.PracticeTestNG"/>
</testsuite> <!-- Smoke testcases -->
